CRITICAL - 2025-09-10 01:52:12 --> Error: Class "Picqer\Barcode\BarcodeGeneratorPNG" not found
[Method: GET, Route: inventory/api/test]
in APPPATH\Services\BarcodeService.php on line 14.
 1 APPPATH\Controllers\Inventory.php(32): App\Services\BarcodeService->__construct()
 2 SYSTEMPATH\CodeIgniter.php(903): App\Controllers\Inventory->__construct()
 3 SYSTEMPATH\CodeIgniter.php(498): CodeIgniter\CodeIgniter->createController()
 4 SYSTEMPATH\CodeIgniter.php(354): CodeIgniter\CodeIgniter->handleRequest(null, Object(Config\Cache), false)
 5 SYSTEMPATH\Boot.php(363): CodeIgniter\CodeIgniter->run()
 6 SYSTEMPATH\Boot.php(68): CodeIgniter\Boot::runCodeIgniter(Object(CodeIgniter\CodeIgniter))
 7 FCPATH\index.php(61): CodeIgniter\Boot::bootWeb(Object(Config\Paths))
CRITICAL - 2025-09-10 01:52:12 --> Error: Class "Picqer\Barcode\BarcodeGeneratorPNG" not found
[Method: GET, Route: inventory/api/stock-data]
in APPPATH\Services\BarcodeService.php on line 14.
 1 APPPATH\Controllers\Inventory.php(32): App\Services\BarcodeService->__construct()
 2 SYSTEMPATH\CodeIgniter.php(903): App\Controllers\Inventory->__construct()
 3 SYSTEMPATH\CodeIgniter.php(498): CodeIgniter\CodeIgniter->createController()
 4 SYSTEMPATH\CodeIgniter.php(354): CodeIgniter\CodeIgniter->handleRequest(null, Object(Config\Cache), false)
 5 SYSTEMPATH\Boot.php(363): CodeIgniter\CodeIgniter->run()
 6 SYSTEMPATH\Boot.php(68): CodeIgniter\Boot::runCodeIgniter(Object(CodeIgniter\CodeIgniter))
 7 FCPATH\index.php(61): CodeIgniter\Boot::bootWeb(Object(Config\Paths))
CRITICAL - 2025-09-10 01:52:17 --> Error: Class "Picqer\Barcode\BarcodeGeneratorPNG" not found
[Method: GET, Route: inventory/api/test]
in APPPATH\Services\BarcodeService.php on line 14.
 1 APPPATH\Controllers\Inventory.php(32): App\Services\BarcodeService->__construct()
 2 SYSTEMPATH\CodeIgniter.php(903): App\Controllers\Inventory->__construct()
 3 SYSTEMPATH\CodeIgniter.php(498): CodeIgniter\CodeIgniter->createController()
 4 SYSTEMPATH\CodeIgniter.php(354): CodeIgniter\CodeIgniter->handleRequest(null, Object(Config\Cache), false)
 5 SYSTEMPATH\Boot.php(363): CodeIgniter\CodeIgniter->run()
 6 SYSTEMPATH\Boot.php(68): CodeIgniter\Boot::runCodeIgniter(Object(CodeIgniter\CodeIgniter))
 7 FCPATH\index.php(61): CodeIgniter\Boot::bootWeb(Object(Config\Paths))
CRITICAL - 2025-09-10 01:52:17 --> Error: Class "Picqer\Barcode\BarcodeGeneratorPNG" not found
[Method: GET, Route: inventory/api/stock-data]
in APPPATH\Services\BarcodeService.php on line 14.
 1 APPPATH\Controllers\Inventory.php(32): App\Services\BarcodeService->__construct()
 2 SYSTEMPATH\CodeIgniter.php(903): App\Controllers\Inventory->__construct()
 3 SYSTEMPATH\CodeIgniter.php(498): CodeIgniter\CodeIgniter->createController()
 4 SYSTEMPATH\CodeIgniter.php(354): CodeIgniter\CodeIgniter->handleRequest(null, Object(Config\Cache), false)
 5 SYSTEMPATH\Boot.php(363): CodeIgniter\CodeIgniter->run()
 6 SYSTEMPATH\Boot.php(68): CodeIgniter\Boot::runCodeIgniter(Object(CodeIgniter\CodeIgniter))
 7 FCPATH\index.php(61): CodeIgniter\Boot::bootWeb(Object(Config\Paths))
CRITICAL - 2025-09-10 01:52:19 --> Error: Class "Picqer\Barcode\BarcodeGeneratorPNG" not found
[Method: GET, Route: inventory/api/stock-data]
in APPPATH\Services\BarcodeService.php on line 14.
 1 APPPATH\Controllers\Inventory.php(32): App\Services\BarcodeService->__construct()
 2 SYSTEMPATH\CodeIgniter.php(903): App\Controllers\Inventory->__construct()
 3 SYSTEMPATH\CodeIgniter.php(498): CodeIgniter\CodeIgniter->createController()
 4 SYSTEMPATH\CodeIgniter.php(354): CodeIgniter\CodeIgniter->handleRequest(null, Object(Config\Cache), false)
 5 SYSTEMPATH\Boot.php(363): CodeIgniter\CodeIgniter->run()
 6 SYSTEMPATH\Boot.php(68): CodeIgniter\Boot::runCodeIgniter(Object(CodeIgniter\CodeIgniter))
 7 FCPATH\index.php(61): CodeIgniter\Boot::bootWeb(Object(Config\Paths))
CRITICAL - 2025-09-10 01:52:19 --> Error: Class "Picqer\Barcode\BarcodeGeneratorPNG" not found
[Method: GET, Route: inventory/api/test]
in APPPATH\Services\BarcodeService.php on line 14.
 1 APPPATH\Controllers\Inventory.php(32): App\Services\BarcodeService->__construct()
 2 SYSTEMPATH\CodeIgniter.php(903): App\Controllers\Inventory->__construct()
 3 SYSTEMPATH\CodeIgniter.php(498): CodeIgniter\CodeIgniter->createController()
 4 SYSTEMPATH\CodeIgniter.php(354): CodeIgniter\CodeIgniter->handleRequest(null, Object(Config\Cache), false)
 5 SYSTEMPATH\Boot.php(363): CodeIgniter\CodeIgniter->run()
 6 SYSTEMPATH\Boot.php(68): CodeIgniter\Boot::runCodeIgniter(Object(CodeIgniter\CodeIgniter))
 7 FCPATH\index.php(61): CodeIgniter\Boot::bootWeb(Object(Config\Paths))
CRITICAL - 2025-09-10 01:52:22 --> Error: Class "Picqer\Barcode\BarcodeGeneratorPNG" not found
[Method: GET, Route: inventory/api/stock-data]
in APPPATH\Services\BarcodeService.php on line 14.
 1 APPPATH\Controllers\Inventory.php(32): App\Services\BarcodeService->__construct()
 2 SYSTEMPATH\CodeIgniter.php(903): App\Controllers\Inventory->__construct()
 3 SYSTEMPATH\CodeIgniter.php(498): CodeIgniter\CodeIgniter->createController()
 4 SYSTEMPATH\CodeIgniter.php(354): CodeIgniter\CodeIgniter->handleRequest(null, Object(Config\Cache), false)
 5 SYSTEMPATH\Boot.php(363): CodeIgniter\CodeIgniter->run()
 6 SYSTEMPATH\Boot.php(68): CodeIgniter\Boot::runCodeIgniter(Object(CodeIgniter\CodeIgniter))
 7 FCPATH\index.php(61): CodeIgniter\Boot::bootWeb(Object(Config\Paths))
CRITICAL - 2025-09-10 01:52:22 --> Error: Class "Picqer\Barcode\BarcodeGeneratorPNG" not found
[Method: GET, Route: inventory/api/test]
in APPPATH\Services\BarcodeService.php on line 14.
 1 APPPATH\Controllers\Inventory.php(32): App\Services\BarcodeService->__construct()
 2 SYSTEMPATH\CodeIgniter.php(903): App\Controllers\Inventory->__construct()
 3 SYSTEMPATH\CodeIgniter.php(498): CodeIgniter\CodeIgniter->createController()
 4 SYSTEMPATH\CodeIgniter.php(354): CodeIgniter\CodeIgniter->handleRequest(null, Object(Config\Cache), false)
 5 SYSTEMPATH\Boot.php(363): CodeIgniter\CodeIgniter->run()
 6 SYSTEMPATH\Boot.php(68): CodeIgniter\Boot::runCodeIgniter(Object(CodeIgniter\CodeIgniter))
 7 FCPATH\index.php(61): CodeIgniter\Boot::bootWeb(Object(Config\Paths))
CRITICAL - 2025-09-10 01:52:34 --> Error: Class "Picqer\Barcode\BarcodeGeneratorPNG" not found
[Method: GET, Route: inventory/api/stock-data]
in APPPATH\Services\BarcodeService.php on line 14.
 1 APPPATH\Controllers\Inventory.php(32): App\Services\BarcodeService->__construct()
 2 SYSTEMPATH\CodeIgniter.php(903): App\Controllers\Inventory->__construct()
 3 SYSTEMPATH\CodeIgniter.php(498): CodeIgniter\CodeIgniter->createController()
 4 SYSTEMPATH\CodeIgniter.php(354): CodeIgniter\CodeIgniter->handleRequest(null, Object(Config\Cache), false)
 5 SYSTEMPATH\Boot.php(363): CodeIgniter\CodeIgniter->run()
 6 SYSTEMPATH\Boot.php(68): CodeIgniter\Boot::runCodeIgniter(Object(CodeIgniter\CodeIgniter))
 7 FCPATH\index.php(61): CodeIgniter\Boot::bootWeb(Object(Config\Paths))
CRITICAL - 2025-09-10 01:52:34 --> Error: Class "Picqer\Barcode\BarcodeGeneratorPNG" not found
[Method: GET, Route: inventory/api/test]
in APPPATH\Services\BarcodeService.php on line 14.
 1 APPPATH\Controllers\Inventory.php(32): App\Services\BarcodeService->__construct()
 2 SYSTEMPATH\CodeIgniter.php(903): App\Controllers\Inventory->__construct()
 3 SYSTEMPATH\CodeIgniter.php(498): CodeIgniter\CodeIgniter->createController()
 4 SYSTEMPATH\CodeIgniter.php(354): CodeIgniter\CodeIgniter->handleRequest(null, Object(Config\Cache), false)
 5 SYSTEMPATH\Boot.php(363): CodeIgniter\CodeIgniter->run()
 6 SYSTEMPATH\Boot.php(68): CodeIgniter\Boot::runCodeIgniter(Object(CodeIgniter\CodeIgniter))
 7 FCPATH\index.php(61): CodeIgniter\Boot::bootWeb(Object(Config\Paths))
CRITICAL - 2025-09-10 01:53:47 --> Error: Class "Picqer\Barcode\BarcodeGeneratorPNG" not found
[Method: POST, Route: inventory/api/save-stock]
in APPPATH\Services\BarcodeService.php on line 14.
 1 APPPATH\Controllers\Inventory.php(32): App\Services\BarcodeService->__construct()
 2 SYSTEMPATH\CodeIgniter.php(903): App\Controllers\Inventory->__construct()
 3 SYSTEMPATH\CodeIgniter.php(498): CodeIgniter\CodeIgniter->createController()
 4 SYSTEMPATH\CodeIgniter.php(354): CodeIgniter\CodeIgniter->handleRequest(null, Object(Config\Cache), false)
 5 SYSTEMPATH\Boot.php(363): CodeIgniter\CodeIgniter->run()
 6 SYSTEMPATH\Boot.php(68): CodeIgniter\Boot::runCodeIgniter(Object(CodeIgniter\CodeIgniter))
 7 FCPATH\index.php(61): CodeIgniter\Boot::bootWeb(Object(Config\Paths))
CRITICAL - 2025-09-10 01:57:25 --> Error: Class "Picqer\Barcode\BarcodeGeneratorPNG" not found
[Method: GET, Route: inventory/api/test]
in APPPATH\Services\BarcodeService.php on line 14.
 1 APPPATH\Controllers\Inventory.php(32): App\Services\BarcodeService->__construct()
 2 SYSTEMPATH\CodeIgniter.php(903): App\Controllers\Inventory->__construct()
 3 SYSTEMPATH\CodeIgniter.php(498): CodeIgniter\CodeIgniter->createController()
 4 SYSTEMPATH\CodeIgniter.php(354): CodeIgniter\CodeIgniter->handleRequest(null, Object(Config\Cache), false)
 5 SYSTEMPATH\Boot.php(363): CodeIgniter\CodeIgniter->run()
 6 SYSTEMPATH\Boot.php(68): CodeIgniter\Boot::runCodeIgniter(Object(CodeIgniter\CodeIgniter))
 7 FCPATH\index.php(61): CodeIgniter\Boot::bootWeb(Object(Config\Paths))
CRITICAL - 2025-09-10 01:57:25 --> Error: Class "Picqer\Barcode\BarcodeGeneratorPNG" not found
[Method: GET, Route: inventory/api/stock-data]
in APPPATH\Services\BarcodeService.php on line 14.
 1 APPPATH\Controllers\Inventory.php(32): App\Services\BarcodeService->__construct()
 2 SYSTEMPATH\CodeIgniter.php(903): App\Controllers\Inventory->__construct()
 3 SYSTEMPATH\CodeIgniter.php(498): CodeIgniter\CodeIgniter->createController()
 4 SYSTEMPATH\CodeIgniter.php(354): CodeIgniter\CodeIgniter->handleRequest(null, Object(Config\Cache), false)
 5 SYSTEMPATH\Boot.php(363): CodeIgniter\CodeIgniter->run()
 6 SYSTEMPATH\Boot.php(68): CodeIgniter\Boot::runCodeIgniter(Object(CodeIgniter\CodeIgniter))
 7 FCPATH\index.php(61): CodeIgniter\Boot::bootWeb(Object(Config\Paths))
CRITICAL - 2025-09-10 01:57:30 --> Error: Class "Picqer\Barcode\BarcodeGeneratorPNG" not found
[Method: GET, Route: inventory/api/stock-data]
in APPPATH\Services\BarcodeService.php on line 14.
 1 APPPATH\Controllers\Inventory.php(32): App\Services\BarcodeService->__construct()
 2 SYSTEMPATH\CodeIgniter.php(903): App\Controllers\Inventory->__construct()
 3 SYSTEMPATH\CodeIgniter.php(498): CodeIgniter\CodeIgniter->createController()
 4 SYSTEMPATH\CodeIgniter.php(354): CodeIgniter\CodeIgniter->handleRequest(null, Object(Config\Cache), false)
 5 SYSTEMPATH\Boot.php(363): CodeIgniter\CodeIgniter->run()
 6 SYSTEMPATH\Boot.php(68): CodeIgniter\Boot::runCodeIgniter(Object(CodeIgniter\CodeIgniter))
 7 FCPATH\index.php(61): CodeIgniter\Boot::bootWeb(Object(Config\Paths))
CRITICAL - 2025-09-10 01:57:30 --> Error: Class "Picqer\Barcode\BarcodeGeneratorPNG" not found
[Method: GET, Route: inventory/api/test]
in APPPATH\Services\BarcodeService.php on line 14.
 1 APPPATH\Controllers\Inventory.php(32): App\Services\BarcodeService->__construct()
 2 SYSTEMPATH\CodeIgniter.php(903): App\Controllers\Inventory->__construct()
 3 SYSTEMPATH\CodeIgniter.php(498): CodeIgniter\CodeIgniter->createController()
 4 SYSTEMPATH\CodeIgniter.php(354): CodeIgniter\CodeIgniter->handleRequest(null, Object(Config\Cache), false)
 5 SYSTEMPATH\Boot.php(363): CodeIgniter\CodeIgniter->run()
 6 SYSTEMPATH\Boot.php(68): CodeIgniter\Boot::runCodeIgniter(Object(CodeIgniter\CodeIgniter))
 7 FCPATH\index.php(61): CodeIgniter\Boot::bootWeb(Object(Config\Paths))
CRITICAL - 2025-09-10 01:57:32 --> Error: Class "Picqer\Barcode\BarcodeGeneratorPNG" not found
[Method: GET, Route: inventory/api/test]
in APPPATH\Services\BarcodeService.php on line 14.
 1 APPPATH\Controllers\Inventory.php(32): App\Services\BarcodeService->__construct()
 2 SYSTEMPATH\CodeIgniter.php(903): App\Controllers\Inventory->__construct()
 3 SYSTEMPATH\CodeIgniter.php(498): CodeIgniter\CodeIgniter->createController()
 4 SYSTEMPATH\CodeIgniter.php(354): CodeIgniter\CodeIgniter->handleRequest(null, Object(Config\Cache), false)
 5 SYSTEMPATH\Boot.php(363): CodeIgniter\CodeIgniter->run()
 6 SYSTEMPATH\Boot.php(68): CodeIgniter\Boot::runCodeIgniter(Object(CodeIgniter\CodeIgniter))
 7 FCPATH\index.php(61): CodeIgniter\Boot::bootWeb(Object(Config\Paths))
CRITICAL - 2025-09-10 01:57:32 --> Error: Class "Picqer\Barcode\BarcodeGeneratorPNG" not found
[Method: GET, Route: inventory/api/stock-data]
in APPPATH\Services\BarcodeService.php on line 14.
 1 APPPATH\Controllers\Inventory.php(32): App\Services\BarcodeService->__construct()
 2 SYSTEMPATH\CodeIgniter.php(903): App\Controllers\Inventory->__construct()
 3 SYSTEMPATH\CodeIgniter.php(498): CodeIgniter\CodeIgniter->createController()
 4 SYSTEMPATH\CodeIgniter.php(354): CodeIgniter\CodeIgniter->handleRequest(null, Object(Config\Cache), false)
 5 SYSTEMPATH\Boot.php(363): CodeIgniter\CodeIgniter->run()
 6 SYSTEMPATH\Boot.php(68): CodeIgniter\Boot::runCodeIgniter(Object(CodeIgniter\CodeIgniter))
 7 FCPATH\index.php(61): CodeIgniter\Boot::bootWeb(Object(Config\Paths))
CRITICAL - 2025-09-10 01:58:36 --> Error: Class "Picqer\Barcode\BarcodeGeneratorPNG" not found
[Method: GET, Route: inventory/api/stock-data]
in APPPATH\Services\BarcodeService.php on line 14.
 1 APPPATH\Controllers\Inventory.php(32): App\Services\BarcodeService->__construct()
 2 SYSTEMPATH\CodeIgniter.php(903): App\Controllers\Inventory->__construct()
 3 SYSTEMPATH\CodeIgniter.php(498): CodeIgniter\CodeIgniter->createController()
 4 SYSTEMPATH\CodeIgniter.php(354): CodeIgniter\CodeIgniter->handleRequest(null, Object(Config\Cache), false)
 5 SYSTEMPATH\Boot.php(363): CodeIgniter\CodeIgniter->run()
 6 SYSTEMPATH\Boot.php(68): CodeIgniter\Boot::runCodeIgniter(Object(CodeIgniter\CodeIgniter))
 7 FCPATH\index.php(61): CodeIgniter\Boot::bootWeb(Object(Config\Paths))
CRITICAL - 2025-09-10 01:58:36 --> Error: Class "Picqer\Barcode\BarcodeGeneratorPNG" not found
[Method: GET, Route: inventory/api/test]
in APPPATH\Services\BarcodeService.php on line 14.
 1 APPPATH\Controllers\Inventory.php(32): App\Services\BarcodeService->__construct()
 2 SYSTEMPATH\CodeIgniter.php(903): App\Controllers\Inventory->__construct()
 3 SYSTEMPATH\CodeIgniter.php(498): CodeIgniter\CodeIgniter->createController()
 4 SYSTEMPATH\CodeIgniter.php(354): CodeIgniter\CodeIgniter->handleRequest(null, Object(Config\Cache), false)
 5 SYSTEMPATH\Boot.php(363): CodeIgniter\CodeIgniter->run()
 6 SYSTEMPATH\Boot.php(68): CodeIgniter\Boot::runCodeIgniter(Object(CodeIgniter\CodeIgniter))
 7 FCPATH\index.php(61): CodeIgniter\Boot::bootWeb(Object(Config\Paths))
CRITICAL - 2025-09-10 01:58:58 --> Error: Class "Picqer\Barcode\BarcodeGeneratorPNG" not found
[Method: GET, Route: inventory/api/test]
in APPPATH\Services\BarcodeService.php on line 14.
 1 APPPATH\Controllers\Inventory.php(32): App\Services\BarcodeService->__construct()
 2 SYSTEMPATH\CodeIgniter.php(903): App\Controllers\Inventory->__construct()
 3 SYSTEMPATH\CodeIgniter.php(498): CodeIgniter\CodeIgniter->createController()
 4 SYSTEMPATH\CodeIgniter.php(354): CodeIgniter\CodeIgniter->handleRequest(null, Object(Config\Cache), false)
 5 SYSTEMPATH\Boot.php(363): CodeIgniter\CodeIgniter->run()
 6 SYSTEMPATH\Boot.php(68): CodeIgniter\Boot::runCodeIgniter(Object(CodeIgniter\CodeIgniter))
 7 FCPATH\index.php(61): CodeIgniter\Boot::bootWeb(Object(Config\Paths))
CRITICAL - 2025-09-10 01:58:58 --> Error: Class "Picqer\Barcode\BarcodeGeneratorPNG" not found
[Method: GET, Route: inventory/api/stock-data]
in APPPATH\Services\BarcodeService.php on line 14.
 1 APPPATH\Controllers\Inventory.php(32): App\Services\BarcodeService->__construct()
 2 SYSTEMPATH\CodeIgniter.php(903): App\Controllers\Inventory->__construct()
 3 SYSTEMPATH\CodeIgniter.php(498): CodeIgniter\CodeIgniter->createController()
 4 SYSTEMPATH\CodeIgniter.php(354): CodeIgniter\CodeIgniter->handleRequest(null, Object(Config\Cache), false)
 5 SYSTEMPATH\Boot.php(363): CodeIgniter\CodeIgniter->run()
 6 SYSTEMPATH\Boot.php(68): CodeIgniter\Boot::runCodeIgniter(Object(CodeIgniter\CodeIgniter))
 7 FCPATH\index.php(61): CodeIgniter\Boot::bootWeb(Object(Config\Paths))
CRITICAL - 2025-09-10 02:04:49 --> Error: Class "Picqer\Barcode\BarcodeGeneratorPNG" not found
[Method: GET, Route: inventory/api/stock-data]
in APPPATH\Services\BarcodeService.php on line 14.
 1 APPPATH\Controllers\Inventory.php(32): App\Services\BarcodeService->__construct()
 2 SYSTEMPATH\CodeIgniter.php(903): App\Controllers\Inventory->__construct()
 3 SYSTEMPATH\CodeIgniter.php(498): CodeIgniter\CodeIgniter->createController()
 4 SYSTEMPATH\CodeIgniter.php(354): CodeIgniter\CodeIgniter->handleRequest(null, Object(Config\Cache), false)
 5 SYSTEMPATH\Boot.php(363): CodeIgniter\CodeIgniter->run()
 6 SYSTEMPATH\Boot.php(68): CodeIgniter\Boot::runCodeIgniter(Object(CodeIgniter\CodeIgniter))
 7 FCPATH\index.php(61): CodeIgniter\Boot::bootWeb(Object(Config\Paths))
CRITICAL - 2025-09-10 02:04:49 --> Error: Class "Picqer\Barcode\BarcodeGeneratorPNG" not found
[Method: GET, Route: inventory/api/test]
in APPPATH\Services\BarcodeService.php on line 14.
 1 APPPATH\Controllers\Inventory.php(32): App\Services\BarcodeService->__construct()
 2 SYSTEMPATH\CodeIgniter.php(903): App\Controllers\Inventory->__construct()
 3 SYSTEMPATH\CodeIgniter.php(498): CodeIgniter\CodeIgniter->createController()
 4 SYSTEMPATH\CodeIgniter.php(354): CodeIgniter\CodeIgniter->handleRequest(null, Object(Config\Cache), false)
 5 SYSTEMPATH\Boot.php(363): CodeIgniter\CodeIgniter->run()
 6 SYSTEMPATH\Boot.php(68): CodeIgniter\Boot::runCodeIgniter(Object(CodeIgniter\CodeIgniter))
 7 FCPATH\index.php(61): CodeIgniter\Boot::bootWeb(Object(Config\Paths))
CRITICAL - 2025-09-10 02:04:51 --> Error: Class "Picqer\Barcode\BarcodeGeneratorPNG" not found
[Method: GET, Route: inventory/api/test]
in APPPATH\Services\BarcodeService.php on line 14.
 1 APPPATH\Controllers\Inventory.php(32): App\Services\BarcodeService->__construct()
 2 SYSTEMPATH\CodeIgniter.php(903): App\Controllers\Inventory->__construct()
 3 SYSTEMPATH\CodeIgniter.php(498): CodeIgniter\CodeIgniter->createController()
 4 SYSTEMPATH\CodeIgniter.php(354): CodeIgniter\CodeIgniter->handleRequest(null, Object(Config\Cache), false)
 5 SYSTEMPATH\Boot.php(363): CodeIgniter\CodeIgniter->run()
 6 SYSTEMPATH\Boot.php(68): CodeIgniter\Boot::runCodeIgniter(Object(CodeIgniter\CodeIgniter))
 7 FCPATH\index.php(61): CodeIgniter\Boot::bootWeb(Object(Config\Paths))
CRITICAL - 2025-09-10 02:04:51 --> Error: Class "Picqer\Barcode\BarcodeGeneratorPNG" not found
[Method: GET, Route: inventory/api/stock-data]
in APPPATH\Services\BarcodeService.php on line 14.
 1 APPPATH\Controllers\Inventory.php(32): App\Services\BarcodeService->__construct()
 2 SYSTEMPATH\CodeIgniter.php(903): App\Controllers\Inventory->__construct()
 3 SYSTEMPATH\CodeIgniter.php(498): CodeIgniter\CodeIgniter->createController()
 4 SYSTEMPATH\CodeIgniter.php(354): CodeIgniter\CodeIgniter->handleRequest(null, Object(Config\Cache), false)
 5 SYSTEMPATH\Boot.php(363): CodeIgniter\CodeIgniter->run()
 6 SYSTEMPATH\Boot.php(68): CodeIgniter\Boot::runCodeIgniter(Object(CodeIgniter\CodeIgniter))
 7 FCPATH\index.php(61): CodeIgniter\Boot::bootWeb(Object(Config\Paths))
ERROR - 2025-09-10 14:08:35 --> Error connecting to the database: mysqli_sql_exception: Unknown database 'chakanoks_scms' in C:\xampp\htdocs\CHAKANOKS\system\Database\MySQLi\Connection.php:201
Stack trace:
#0 C:\xampp\htdocs\CHAKANOKS\system\Database\MySQLi\Connection.php(201): mysqli->real_connect('localhost', 'root', Object(SensitiveParameterValue), 'chakanoks_scms', 3306, '', 0)
#1 C:\xampp\htdocs\CHAKANOKS\system\Database\BaseConnection.php(419): CodeIgniter\Database\MySQLi\Connection->connect(false)
#2 C:\xampp\htdocs\CHAKANOKS\system\Database\BaseConnection.php(614): CodeIgniter\Database\BaseConnection->initialize()
#3 C:\xampp\htdocs\CHAKANOKS\system\Database\BaseConnection.php(1525): CodeIgniter\Database\BaseConnection->query('SHOW TABLES FRO...')
#4 C:\xampp\htdocs\CHAKANOKS\system\Database\BaseConnection.php(1545): CodeIgniter\Database\BaseConnection->listTables()
#5 C:\xampp\htdocs\CHAKANOKS\system\Database\MigrationRunner.php(768): CodeIgniter\Database\BaseConnection->tableExists('migrations')
#6 C:\xampp\htdocs\CHAKANOKS\system\Database\MigrationRunner.php(162): CodeIgniter\Database\MigrationRunner->ensureTable()
#7 C:\xampp\htdocs\CHAKANOKS\system\Commands\Database\Migrate.php(85): CodeIgniter\Database\MigrationRunner->latest(NULL)
#8 C:\xampp\htdocs\CHAKANOKS\system\CLI\Commands.php(74): CodeIgniter\Commands\Database\Migrate->run(Array)
#9 C:\xampp\htdocs\CHAKANOKS\system\CLI\Console.php(47): CodeIgniter\CLI\Commands->run('migrate', Array)
#10 C:\xampp\htdocs\CHAKANOKS\system\Boot.php(388): CodeIgniter\CLI\Console->run()
#11 C:\xampp\htdocs\CHAKANOKS\system\Boot.php(133): CodeIgniter\Boot::runCommand(Object(CodeIgniter\CLI\Console))
#12 C:\xampp\htdocs\CHAKANOKS\spark(87): CodeIgniter\Boot::bootSpark(Object(Config\Paths))
#13 {main}

Next CodeIgniter\Database\Exceptions\DatabaseException: Unknown database 'chakanoks_scms' in C:\xampp\htdocs\CHAKANOKS\system\Database\MySQLi\Connection.php:246
Stack trace:
#0 C:\xampp\htdocs\CHAKANOKS\system\Database\BaseConnection.php(419): CodeIgniter\Database\MySQLi\Connection->connect(false)
#1 C:\xampp\htdocs\CHAKANOKS\system\Database\BaseConnection.php(614): CodeIgniter\Database\BaseConnection->initialize()
#2 C:\xampp\htdocs\CHAKANOKS\system\Database\BaseConnection.php(1525): CodeIgniter\Database\BaseConnection->query('SHOW TABLES FRO...')
#3 C:\xampp\htdocs\CHAKANOKS\system\Database\BaseConnection.php(1545): CodeIgniter\Database\BaseConnection->listTables()
#4 C:\xampp\htdocs\CHAKANOKS\system\Database\MigrationRunner.php(768): CodeIgniter\Database\BaseConnection->tableExists('migrations')
#5 C:\xampp\htdocs\CHAKANOKS\system\Database\MigrationRunner.php(162): CodeIgniter\Database\MigrationRunner->ensureTable()
#6 C:\xampp\htdocs\CHAKANOKS\system\Commands\Database\Migrate.php(85): CodeIgniter\Database\MigrationRunner->latest(NULL)
#7 C:\xampp\htdocs\CHAKANOKS\system\CLI\Commands.php(74): CodeIgniter\Commands\Database\Migrate->run(Array)
#8 C:\xampp\htdocs\CHAKANOKS\system\CLI\Console.php(47): CodeIgniter\CLI\Commands->run('migrate', Array)
#9 C:\xampp\htdocs\CHAKANOKS\system\Boot.php(388): CodeIgniter\CLI\Console->run()
#10 C:\xampp\htdocs\CHAKANOKS\system\Boot.php(133): CodeIgniter\Boot::runCommand(Object(CodeIgniter\CLI\Console))
#11 C:\xampp\htdocs\CHAKANOKS\spark(87): CodeIgniter\Boot::bootSpark(Object(Config\Paths))
#12 {main}
ERROR - 2025-09-10 14:09:43 --> mysqli_sql_exception: Duplicate entry 'admin' for key 'username' in C:\xampp\htdocs\CHAKANOKS\system\Database\MySQLi\Connection.php:327
Stack trace:
#0 C:\xampp\htdocs\CHAKANOKS\system\Database\MySQLi\Connection.php(327): mysqli->query('INSERT INTO `us...', 0)
#1 C:\xampp\htdocs\CHAKANOKS\system\Database\BaseConnection.php(729): CodeIgniter\Database\MySQLi\Connection->execute('INSERT INTO `us...')
#2 C:\xampp\htdocs\CHAKANOKS\system\Database\BaseConnection.php(646): CodeIgniter\Database\BaseConnection->simpleQuery('INSERT INTO `us...')
#3 C:\xampp\htdocs\CHAKANOKS\system\Database\BaseBuilder.php(1841): CodeIgniter\Database\BaseConnection->query('INSERT INTO `us...', NULL, false)
#4 C:\xampp\htdocs\CHAKANOKS\system\Database\BaseBuilder.php(2230): CodeIgniter\Database\BaseBuilder->batchExecute('_insertBatch', 100)
#5 C:\xampp\htdocs\CHAKANOKS\app\Database\Seeds\UserSeeder.php(92): CodeIgniter\Database\BaseBuilder->insertBatch(Array)
#6 C:\xampp\htdocs\CHAKANOKS\system\Database\Seeder.php(149): App\Database\Seeds\UserSeeder->run()
#7 C:\xampp\htdocs\CHAKANOKS\app\Database\Seeds\DatabaseSeeder.php(13): CodeIgniter\Database\Seeder->call('App\\Database\\Se...')
#8 C:\xampp\htdocs\CHAKANOKS\system\Database\Seeder.php(149): App\Database\Seeds\DatabaseSeeder->run()
#9 C:\xampp\htdocs\CHAKANOKS\system\Commands\Database\Seed.php(79): CodeIgniter\Database\Seeder->call('App\\Database\\Se...')
#10 C:\xampp\htdocs\CHAKANOKS\system\CLI\Commands.php(74): CodeIgniter\Commands\Database\Seed->run(Array)
#11 C:\xampp\htdocs\CHAKANOKS\system\CLI\Console.php(47): CodeIgniter\CLI\Commands->run('db:seed', Array)
#12 C:\xampp\htdocs\CHAKANOKS\system\Boot.php(388): CodeIgniter\CLI\Console->run()
#13 C:\xampp\htdocs\CHAKANOKS\system\Boot.php(133): CodeIgniter\Boot::runCommand(Object(CodeIgniter\CLI\Console))
#14 C:\xampp\htdocs\CHAKANOKS\spark(87): CodeIgniter\Boot::bootSpark(Object(Config\Paths))
#15 {main}
ERROR - 2025-09-10 14:10:50 --> mysqli_sql_exception: Duplicate entry 'DAV-001' for key 'branch_code' in C:\xampp\htdocs\CHAKANOKS\system\Database\MySQLi\Connection.php:327
Stack trace:
#0 C:\xampp\htdocs\CHAKANOKS\system\Database\MySQLi\Connection.php(327): mysqli->query('INSERT INTO `br...', 0)
#1 C:\xampp\htdocs\CHAKANOKS\system\Database\BaseConnection.php(729): CodeIgniter\Database\MySQLi\Connection->execute('INSERT INTO `br...')
#2 C:\xampp\htdocs\CHAKANOKS\system\Database\BaseConnection.php(646): CodeIgniter\Database\BaseConnection->simpleQuery('INSERT INTO `br...')
#3 C:\xampp\htdocs\CHAKANOKS\system\Database\BaseBuilder.php(1841): CodeIgniter\Database\BaseConnection->query('INSERT INTO `br...', NULL, false)
#4 C:\xampp\htdocs\CHAKANOKS\system\Database\BaseBuilder.php(2230): CodeIgniter\Database\BaseBuilder->batchExecute('_insertBatch', 100)
#5 C:\xampp\htdocs\CHAKANOKS\app\Database\Seeds\BranchSeeder.php(86): CodeIgniter\Database\BaseBuilder->insertBatch(Array)
#6 C:\xampp\htdocs\CHAKANOKS\system\Database\Seeder.php(149): App\Database\Seeds\BranchSeeder->run()
#7 C:\xampp\htdocs\CHAKANOKS\app\Database\Seeds\DatabaseSeeder.php(11): CodeIgniter\Database\Seeder->call('App\\Database\\Se...')
#8 C:\xampp\htdocs\CHAKANOKS\system\Database\Seeder.php(149): App\Database\Seeds\DatabaseSeeder->run()
#9 C:\xampp\htdocs\CHAKANOKS\system\Commands\Database\Seed.php(79): CodeIgniter\Database\Seeder->call('App\\Database\\Se...')
#10 C:\xampp\htdocs\CHAKANOKS\system\CLI\Commands.php(74): CodeIgniter\Commands\Database\Seed->run(Array)
#11 C:\xampp\htdocs\CHAKANOKS\system\CLI\Console.php(47): CodeIgniter\CLI\Commands->run('db:seed', Array)
#12 C:\xampp\htdocs\CHAKANOKS\system\Boot.php(388): CodeIgniter\CLI\Console->run()
#13 C:\xampp\htdocs\CHAKANOKS\system\Boot.php(133): CodeIgniter\Boot::runCommand(Object(CodeIgniter\CLI\Console))
#14 C:\xampp\htdocs\CHAKANOKS\spark(87): CodeIgniter\Boot::bootSpark(Object(Config\Paths))
#15 {main}
ERROR - 2025-09-10 14:12:29 --> mysqli_sql_exception: Duplicate entry 'SUP-001' for key 'supplier_code' in C:\xampp\htdocs\CHAKANOKS\system\Database\MySQLi\Connection.php:327
Stack trace:
#0 C:\xampp\htdocs\CHAKANOKS\system\Database\MySQLi\Connection.php(327): mysqli->query('INSERT INTO `su...', 0)
#1 C:\xampp\htdocs\CHAKANOKS\system\Database\BaseConnection.php(729): CodeIgniter\Database\MySQLi\Connection->execute('INSERT INTO `su...')
#2 C:\xampp\htdocs\CHAKANOKS\system\Database\BaseConnection.php(646): CodeIgniter\Database\BaseConnection->simpleQuery('INSERT INTO `su...')
#3 C:\xampp\htdocs\CHAKANOKS\system\Database\BaseBuilder.php(1841): CodeIgniter\Database\BaseConnection->query('INSERT INTO `su...', NULL, false)
#4 C:\xampp\htdocs\CHAKANOKS\system\Database\BaseBuilder.php(2230): CodeIgniter\Database\BaseBuilder->batchExecute('_insertBatch', 100)
#5 C:\xampp\htdocs\CHAKANOKS\app\Database\Seeds\SupplierSeeder.php(79): CodeIgniter\Database\BaseBuilder->insertBatch(Array)
#6 C:\xampp\htdocs\CHAKANOKS\system\Database\Seeder.php(149): App\Database\Seeds\SupplierSeeder->run()
#7 C:\xampp\htdocs\CHAKANOKS\system\Commands\Database\Seed.php(79): CodeIgniter\Database\Seeder->call('App\\Database\\Se...')
#8 C:\xampp\htdocs\CHAKANOKS\system\CLI\Commands.php(74): CodeIgniter\Commands\Database\Seed->run(Array)
#9 C:\xampp\htdocs\CHAKANOKS\system\CLI\Console.php(47): CodeIgniter\CLI\Commands->run('db:seed', Array)
#10 C:\xampp\htdocs\CHAKANOKS\system\Boot.php(388): CodeIgniter\CLI\Console->run()
#11 C:\xampp\htdocs\CHAKANOKS\system\Boot.php(133): CodeIgniter\Boot::runCommand(Object(CodeIgniter\CLI\Console))
#12 C:\xampp\htdocs\CHAKANOKS\spark(87): CodeIgniter\Boot::bootSpark(Object(Config\Paths))
#13 {main}
