ERROR - 2025-09-25 21:44:17 --> mysqli_sql_exception: Duplicate entry 'DAV-001' for key 'branch_code' in C:\xampp\htdocs\CHAKANOKS\CHAKANOKS-1\system\Database\MySQLi\Connection.php:327
Stack trace:
#0 C:\xampp\htdocs\CHAKANOKS\CHAKANOKS-1\system\Database\MySQLi\Connection.php(327): mysqli->query('INSERT INTO `br...', 0)
#1 C:\xampp\htdocs\CHAKANOKS\CHAKANOKS-1\system\Database\BaseConnection.php(729): CodeIgniter\Database\MySQLi\Connection->execute('INSERT INTO `br...')
#2 C:\xampp\htdocs\CHAKANOKS\CHAKANOKS-1\system\Database\BaseConnection.php(646): CodeIgniter\Database\BaseConnection->simpleQuery('INSERT INTO `br...')
#3 C:\xampp\htdocs\CHAKANOKS\CHAKANOKS-1\system\Database\BaseBuilder.php(1841): CodeIgniter\Database\BaseConnection->query('INSERT INTO `br...', NULL, false)
#4 C:\xampp\htdocs\CHAKANOKS\CHAKANOKS-1\system\Database\BaseBuilder.php(2230): CodeIgniter\Database\BaseBuilder->batchExecute('_insertBatch', 100)
#5 C:\xampp\htdocs\CHAKANOKS\CHAKANOKS-1\app\Database\Seeds\BranchSeeder.php(86): CodeIgniter\Database\BaseBuilder->insertBatch(Array)
#6 C:\xampp\htdocs\CHAKANOKS\CHAKANOKS-1\system\Database\Seeder.php(149): App\Database\Seeds\BranchSeeder->run()
#7 C:\xampp\htdocs\CHAKANOKS\CHAKANOKS-1\app\Database\Seeds\DatabaseSeeder.php(11): CodeIgniter\Database\Seeder->call('App\\Database\\Se...')
#8 C:\xampp\htdocs\CHAKANOKS\CHAKANOKS-1\system\Database\Seeder.php(149): App\Database\Seeds\DatabaseSeeder->run()
#9 C:\xampp\htdocs\CHAKANOKS\CHAKANOKS-1\system\Commands\Database\Seed.php(79): CodeIgniter\Database\Seeder->call('App\\Database\\Se...')
#10 C:\xampp\htdocs\CHAKANOKS\CHAKANOKS-1\system\CLI\Commands.php(74): CodeIgniter\Commands\Database\Seed->run(Array)
#11 C:\xampp\htdocs\CHAKANOKS\CHAKANOKS-1\system\CLI\Console.php(47): CodeIgniter\CLI\Commands->run('db:seed', Array)
#12 C:\xampp\htdocs\CHAKANOKS\CHAKANOKS-1\system\Boot.php(388): CodeIgniter\CLI\Console->run()
#13 C:\xampp\htdocs\CHAKANOKS\CHAKANOKS-1\system\Boot.php(133): CodeIgniter\Boot::runCommand(Object(CodeIgniter\CLI\Console))
#14 C:\xampp\htdocs\CHAKANOKS\CHAKANOKS-1\spark(87): CodeIgniter\Boot::bootSpark(Object(Config\Paths))
#15 {main}
CRITICAL - 2025-09-25 22:05:21 --> ParseError: syntax error, unexpected token "public"
[Method: GET, Route: branchmanager]
in APPPATH\Controllers\BranchManager.php on line 122.
 1 SYSTEMPATH\Autoloader\Autoloader.php(295): CodeIgniter\Autoloader\Autoloader->includeFile('C:\\xampp\\htdocs\\CHAKANOKS\\app\\Controllers\\BranchManager.php')
 2 SYSTEMPATH\Autoloader\Autoloader.php(271): CodeIgniter\Autoloader\Autoloader->loadInNamespace('App\\Controllers\\BranchManager')
 3 [internal function]: CodeIgniter\Autoloader\Autoloader->loadClass('App\\Controllers\\BranchManager')
 4 SYSTEMPATH\CodeIgniter.php(885): class_exists('\\App\\Controllers\\BranchManager', true)
 5 SYSTEMPATH\CodeIgniter.php(494): CodeIgniter\CodeIgniter->startController()
 6 SYSTEMPATH\CodeIgniter.php(354): CodeIgniter\CodeIgniter->handleRequest(null, Object(Config\Cache), false)
 7 SYSTEMPATH\Boot.php(363): CodeIgniter\CodeIgniter->run()
 8 SYSTEMPATH\Boot.php(68): CodeIgniter\Boot::runCodeIgniter(Object(CodeIgniter\CodeIgniter))
 9 FCPATH\index.php(61): CodeIgniter\Boot::bootWeb(Object(Config\Paths))
ERROR - 2025-09-25 22:21:45 --> mysqli_sql_exception: Column count doesn't match value count at row 1 in C:\xampp\htdocs\CHAKANOKS\system\Database\MySQLi\Connection.php:327
Stack trace:
#0 C:\xampp\htdocs\CHAKANOKS\system\Database\MySQLi\Connection.php(327): mysqli->query('INSERT IGNORE I...', 0)
#1 C:\xampp\htdocs\CHAKANOKS\system\Database\BaseConnection.php(729): CodeIgniter\Database\MySQLi\Connection->execute('INSERT IGNORE I...')
#2 C:\xampp\htdocs\CHAKANOKS\system\Database\BaseConnection.php(646): CodeIgniter\Database\BaseConnection->simpleQuery('INSERT IGNORE I...')
#3 C:\xampp\htdocs\CHAKANOKS\system\Database\BaseBuilder.php(1841): CodeIgniter\Database\BaseConnection->query('INSERT IGNORE I...', NULL, false)
#4 C:\xampp\htdocs\CHAKANOKS\system\Database\BaseBuilder.php(2230): CodeIgniter\Database\BaseBuilder->batchExecute('_insertBatch', 100)
#5 C:\xampp\htdocs\CHAKANOKS\app\Database\Seeds\ProductSeeder.php(18): CodeIgniter\Database\BaseBuilder->insertBatch(Array)
#6 C:\xampp\htdocs\CHAKANOKS\system\Database\Seeder.php(149): App\Database\Seeds\ProductSeeder->run()
#7 C:\xampp\htdocs\CHAKANOKS\app\Database\Seeds\DatabaseSeeder.php(14): CodeIgniter\Database\Seeder->call('App\\Database\\Se...')
#8 C:\xampp\htdocs\CHAKANOKS\system\Database\Seeder.php(149): App\Database\Seeds\DatabaseSeeder->run()
#9 C:\xampp\htdocs\CHAKANOKS\system\Commands\Database\Seed.php(79): CodeIgniter\Database\Seeder->call('App\\Database\\Se...')
#10 C:\xampp\htdocs\CHAKANOKS\system\CLI\Commands.php(74): CodeIgniter\Commands\Database\Seed->run(Array)
#11 C:\xampp\htdocs\CHAKANOKS\system\CLI\Console.php(47): CodeIgniter\CLI\Commands->run('db:seed', Array)
#12 C:\xampp\htdocs\CHAKANOKS\system\Boot.php(388): CodeIgniter\CLI\Console->run()
#13 C:\xampp\htdocs\CHAKANOKS\system\Boot.php(133): CodeIgniter\Boot::runCommand(Object(CodeIgniter\CLI\Console))
#14 C:\xampp\htdocs\CHAKANOKS\spark(87): CodeIgniter\Boot::bootSpark(Object(Config\Paths))
#15 {main}
CRITICAL - 2025-09-25 22:36:12 --> CodeIgniter\View\Exceptions\ViewException: Invalid file: "login.php"
[Method: GET, Route: login]
in SYSTEMPATH\Exceptions\FrameworkException.php on line 39.
 1 SYSTEMPATH\View\View.php(214): CodeIgniter\Exceptions\FrameworkException::forInvalidFile('login.php')
 2 SYSTEMPATH\Common.php(1167): CodeIgniter\View\View->render('login', [], true)
 3 APPPATH\Controllers\Login.php(27): view('login')
 4 SYSTEMPATH\CodeIgniter.php(933): App\Controllers\Login->index()
 5 SYSTEMPATH\CodeIgniter.php(507): CodeIgniter\CodeIgniter->runController(Object(App\Controllers\Login))
 6 SYSTEMPATH\CodeIgniter.php(354): CodeIgniter\CodeIgniter->handleRequest(null, Object(Config\Cache), false)
 7 SYSTEMPATH\Boot.php(363): CodeIgniter\CodeIgniter->run()
 8 SYSTEMPATH\Boot.php(68): CodeIgniter\Boot::runCodeIgniter(Object(CodeIgniter\CodeIgniter))
 9 FCPATH\index.php(61): CodeIgniter\Boot::bootWeb(Object(Config\Paths))
ERROR - 2025-09-25 22:46:28 --> mysqli_sql_exception: Column count doesn't match value count at row 1 in C:\xampp\htdocs\CHAKANOKS\system\Database\MySQLi\Connection.php:327
Stack trace:
#0 C:\xampp\htdocs\CHAKANOKS\system\Database\MySQLi\Connection.php(327): mysqli->query('INSERT IGNORE I...', 0)
#1 C:\xampp\htdocs\CHAKANOKS\system\Database\BaseConnection.php(729): CodeIgniter\Database\MySQLi\Connection->execute('INSERT IGNORE I...')
#2 C:\xampp\htdocs\CHAKANOKS\system\Database\BaseConnection.php(646): CodeIgniter\Database\BaseConnection->simpleQuery('INSERT IGNORE I...')
#3 C:\xampp\htdocs\CHAKANOKS\system\Database\BaseBuilder.php(1841): CodeIgniter\Database\BaseConnection->query('INSERT IGNORE I...', NULL, false)
#4 C:\xampp\htdocs\CHAKANOKS\system\Database\BaseBuilder.php(2230): CodeIgniter\Database\BaseBuilder->batchExecute('_insertBatch', 100)
#5 C:\xampp\htdocs\CHAKANOKS\app\Database\Seeds\ProductSeeder.php(18): CodeIgniter\Database\BaseBuilder->insertBatch(Array)
#6 C:\xampp\htdocs\CHAKANOKS\system\Database\Seeder.php(149): App\Database\Seeds\ProductSeeder->run()
#7 C:\xampp\htdocs\CHAKANOKS\app\Database\Seeds\DatabaseSeeder.php(14): CodeIgniter\Database\Seeder->call('App\\Database\\Se...')
#8 C:\xampp\htdocs\CHAKANOKS\system\Database\Seeder.php(149): App\Database\Seeds\DatabaseSeeder->run()
#9 C:\xampp\htdocs\CHAKANOKS\system\Commands\Database\Seed.php(79): CodeIgniter\Database\Seeder->call('App\\Database\\Se...')
#10 C:\xampp\htdocs\CHAKANOKS\system\CLI\Commands.php(74): CodeIgniter\Commands\Database\Seed->run(Array)
#11 C:\xampp\htdocs\CHAKANOKS\system\CLI\Console.php(47): CodeIgniter\CLI\Commands->run('db:seed', Array)
#12 C:\xampp\htdocs\CHAKANOKS\system\Boot.php(388): CodeIgniter\CLI\Console->run()
#13 C:\xampp\htdocs\CHAKANOKS\system\Boot.php(133): CodeIgniter\Boot::runCommand(Object(CodeIgniter\CLI\Console))
#14 C:\xampp\htdocs\CHAKANOKS\spark(87): CodeIgniter\Boot::bootSpark(Object(Config\Paths))
#15 {main}
